<?xml version="1.0" encoding="UTF-8"?>
<!-- Generated by org.testng.reporters.JUnitReportReporter -->
<testsuite hostname="DESKTOP-B7I2MM8" failures="0" tests="15" name="api.tests.DataDrivenTests" time="20.632" errors="0" timestamp="2024-11-22T07:23:56 IST" skipped="0">
  <testcase classname="api.tests.DataDrivenTests" name="testCreateUsers" time="1.170"/>
  <testcase classname="api.tests.DataDrivenTests" name="testCreateUsers" time="1.186"/>
  <testcase classname="api.tests.DataDrivenTests" name="testCreateUsers" time="1.133"/>
  <testcase classname="api.tests.DataDrivenTests" name="testCreateUsers" time="4.392"/>
  <testcase classname="api.tests.DataDrivenTests" name="testCreateUsers" time="1.118"/>
  <testcase classname="api.tests.DataDrivenTests" name="testGetUsers" time="1.130"/>
  <testcase classname="api.tests.DataDrivenTests" name="testGetUsers" time="1.384"/>
  <testcase classname="api.tests.DataDrivenTests" name="testGetUsers" time="1.151"/>
  <testcase classname="api.tests.DataDrivenTests" name="testGetUsers" time="1.155"/>
  <testcase classname="api.tests.DataDrivenTests" name="testGetUsers" time="1.081"/>
  <testcase classname="api.tests.DataDrivenTests" name="testDeleteUsers" time="1.171"/>
  <testcase classname="api.tests.DataDrivenTests" name="testDeleteUsers" time="1.156"/>
  <testcase classname="api.tests.DataDrivenTests" name="testDeleteUsers" time="1.157"/>
  <testcase classname="api.tests.DataDrivenTests" name="testDeleteUsers" time="1.159"/>
  <testcase classname="api.tests.DataDrivenTests" name="testDeleteUsers" time="1.089"/>
</testsuite> <!-- api.tests.DataDrivenTests -->
