<?xml version="1.0" encoding="UTF-8"?>
<!-- Generated by org.testng.reporters.JUnitReportReporter -->
<testsuite hostname="DESKTOP-B7I2MM8" failures="0" tests="3" name="api.tests.UserTestUsingFaker" time="7.471" errors="0" timestamp="2024-11-22T07:06:35 IST" skipped="0">
  <testcase classname="api.tests.UserTestUsingFaker" name="testCreateUser" time="5.157"/>
  <testcase classname="api.tests.UserTestUsingFaker" name="testGetUser" time="1.186"/>
  <testcase classname="api.tests.UserTestUsingFaker" name="testDeleteUser" time="1.128"/>
</testsuite> <!-- api.tests.UserTestUsingFaker -->
